[debug] > Exec(early(addDefaultCommands), None, None)
[debug] > Exec(addDefaultCommands, None, None)
[debug] > Exec(early(initialize), None, None)
[debug] > Exec(initialize, None, None)
[debug] > Exec(boot, None, None)
[debug] > Exec(writeSbtVersion, None, None)
[debug] > Exec(reload, None, None)
[debug] > Exec(sbtStashOnFailure, None, None)
[debug] > Exec(onFailure loadFailed, None, None)
[debug] > Exec(loadp, None, None)
[info] welcome to sbt 1.11.7 (Eclipse Adoptium Java 17.0.16)
[debug]       Load.loadUnit: plugins took 81.6396ms
[debug]       Load.loadUnit: defsScala took 0.3795ms
[debug] [Loading] Scanning directory C:\Users\artes\.sbt\1.0\plugins
[debug] [Loading] Found non-root projects 
[debug] [Loading] Done in C:\Users\artes\.sbt\1.0\plugins, returning: ()
[debug] deducing auto plugins based on known facts Set(Atom(sbt.plugins.CorePlugin)) and clauses Clauses(Clause(Atom(sbt.plugins.JvmPlugin),Set(Atom(sbt.plugins.IvyPlugin)))
[debug] Clause(Atom(sbt.ScriptedPlugin),Set(Atom(sbt.plugins.JvmPlugin)))
[debug] Clause(Atom(sbt.plugins.SbtPlugin),Set(Atom(sbt.ScriptedPlugin)))
[debug] Clause(Atom(sbt.plugins.SemanticdbPlugin),Set(Atom(sbt.plugins.JvmPlugin)))
[debug] Clause(Atom(sbt.plugins.JUnitXmlReportPlugin),Set(Atom(sbt.plugins.JvmPlugin)))
[debug] Clause(Atom(sbt.plugins.MiniDependencyTreePlugin),Set(Atom(sbt.plugins.JvmPlugin)))
[debug] Clause(Atom(sbt.plugins.CorePlugin),Set(Atom(sbt.plugins.IvyPlugin)))
[debug] Clause(Atom(sbt.plugins.IvyPlugin),Set(Atom(sbt.plugins.JvmPlugin)))
[debug] Clause(Atom(sbt.plugins.JvmPlugin),Set(Atom(sbt.plugins.SemanticdbPlugin)))
[debug] Clause(Atom(sbt.plugins.JvmPlugin),Set(Atom(sbt.plugins.JUnitXmlReportPlugin)))
[debug] Clause(Atom(sbt.plugins.CorePlugin),Set(Atom(sbt.plugins.Giter8TemplatePlugin)))
[debug] Clause(Atom(sbt.plugins.JvmPlugin),Set(Atom(sbt.plugins.MiniDependencyTreePlugin))))
[debug]   :: deduced result: Matched(sbt.plugins.CorePlugin,sbt.plugins.Giter8TemplatePlugin,sbt.plugins.IvyPlugin,sbt.plugins.JvmPlugin,sbt.plugins.MiniDependencyTreePlugin,sbt.plugins.JUnitXmlReportPlugin,sbt.plugins.SemanticdbPlugin)
[debug] Plugins.deducer#function took 18.7091 ms
[debug]           Load.resolveProject(global-plugins) took 63.4639ms
[debug]         Load.loadTransitive: finalizeProject(Project(id global-plugins, base: C:\Users\artes\.sbt\1.0\plugins, plugins: List(<none>))) took 103.6858ms
[debug] [Loading] Done in C:\Users\artes\.sbt\1.0\plugins, returning: (global-plugins)
[debug]       Load.loadUnit: loadedProjectsRaw took 139.7387ms
[debug]       Load.loadUnit: cleanEvalClasses took 0.322ms
[debug]     Load.loadUnit(file:/C:/Users/artes/.sbt/1.0/plugins/, ...) took 233.5242ms
[debug]   Load.apply: load took 433.4733ms
[debug]   Load.apply: resolveProjects took 8.0573ms
[debug]   Load.apply: finalTransforms took 70.0214ms
[debug]   Load.apply: config.delegates took 10.3572ms
[debug]   Load.apply: Def.make(settings)... took 390.817ms
[debug]   Load.apply: structureIndex took 93.8463ms
[debug]   Load.apply: mkStreams took 1.5994ms
[info] loading global plugins from C:\Users\artes\.sbt\1.0\plugins
[debug] Running task... Cancel: Signal, check cycles: false, forcegc: true
[debug] Load.defaultLoad until apply took 2153.2383ms
[debug]           Load.loadUnit: plugins took 22.8881ms
[debug]           Load.loadUnit: defsScala took 0.0046ms
[debug] [Loading] Scanning directory C:\Users\artes\Documents\UTP-Ciclo VII\Lenguaje de Programación\Proj-Artes-Luis-Estudio\ArtesLuisStudio-Scala\project
[debug] [Loading] Found non-root projects 
[debug] [Loading] Done in C:\Users\artes\Documents\UTP-Ciclo VII\Lenguaje de Programación\Proj-Artes-Luis-Estudio\ArtesLuisStudio-Scala\project, returning: ()
[debug] deducing auto plugins based on known facts Set(Atom(sbt.plugins.CorePlugin)) and clauses Clauses(Clause(Atom(sbt.plugins.JvmPlugin),Set(Atom(sbt.plugins.IvyPlugin)))
[debug] Clause(Atom(sbt.ScriptedPlugin),Set(Atom(sbt.plugins.JvmPlugin)))
[debug] Clause(Atom(sbt.plugins.SbtPlugin),Set(Atom(sbt.ScriptedPlugin)))
[debug] Clause(Atom(sbt.plugins.SemanticdbPlugin),Set(Atom(sbt.plugins.JvmPlugin)))
[debug] Clause(Atom(sbt.plugins.JUnitXmlReportPlugin),Set(Atom(sbt.plugins.JvmPlugin)))
[debug] Clause(Atom(sbt.plugins.MiniDependencyTreePlugin),Set(Atom(sbt.plugins.JvmPlugin)))
[debug] Clause(Atom(sbt.plugins.CorePlugin),Set(Atom(sbt.plugins.IvyPlugin)))
[debug] Clause(Atom(sbt.plugins.IvyPlugin),Set(Atom(sbt.plugins.JvmPlugin)))
[debug] Clause(Atom(sbt.plugins.JvmPlugin),Set(Atom(sbt.plugins.SemanticdbPlugin)))
[debug] Clause(Atom(sbt.plugins.JvmPlugin),Set(Atom(sbt.plugins.JUnitXmlReportPlugin)))
[debug] Clause(Atom(sbt.plugins.CorePlugin),Set(Atom(sbt.plugins.Giter8TemplatePlugin)))
[debug] Clause(Atom(sbt.plugins.JvmPlugin),Set(Atom(sbt.plugins.MiniDependencyTreePlugin))))
[debug]   :: deduced result: Matched(sbt.plugins.CorePlugin,sbt.plugins.Giter8TemplatePlugin,sbt.plugins.IvyPlugin,sbt.plugins.JvmPlugin,sbt.plugins.MiniDependencyTreePlugin,sbt.plugins.JUnitXmlReportPlugin,sbt.plugins.SemanticdbPlugin)
[debug] Plugins.deducer#function took 1.7003 ms
[debug]               Load.resolveProject(artesluisstudio-scala-build) took 1.5368ms
[debug]             Load.loadTransitive: finalizeProject(Project(id artesluisstudio-scala-build, base: C:\Users\artes\Documents\UTP-Ciclo VII\Lenguaje de Programación\Proj-Artes-Luis-Estudio\ArtesLuisStudio-Scala\project, plugins: List(<none>))) took 3.8968ms
[debug] [Loading] Done in C:\Users\artes\Documents\UTP-Ciclo VII\Lenguaje de Programación\Proj-Artes-Luis-Estudio\ArtesLuisStudio-Scala\project, returning: (artesluisstudio-scala-build)
[debug]           Load.loadUnit: loadedProjectsRaw took 6.4267ms
[debug]           Load.loadUnit: cleanEvalClasses took 0.0128ms
[debug]         Load.loadUnit(file:/C:/Users/artes/Documents/UTP-Ciclo%20VII/Lenguaje%20de%20Programación/Proj-Artes-Luis-Estudio/ArtesLuisStudio-Scala/project/, ...) took 30.4321ms
[debug]       Load.apply: load took 32.5994ms
[debug]       Load.apply: resolveProjects took 0.366ms
[debug]       Load.apply: finalTransforms took 46.332ms
[debug]       Load.apply: config.delegates took 0.6866ms
[debug]       Load.apply: Def.make(settings)... took 97.6008ms
[debug]       Load.apply: structureIndex took 25.2276ms
[debug]       Load.apply: mkStreams took 0.0023ms
[info] loading project definition from C:\Users\artes\Documents\UTP-Ciclo VII\Lenguaje de Programación\Proj-Artes-Luis-Estudio\ArtesLuisStudio-Scala\project
[debug] Running task... Cancel: Signal, check cycles: false, forcegc: true
[debug]     Load.loadUnit: plugins took 378.5638ms
[debug]     Load.loadUnit: defsScala took 0.0045ms
[debug] [Loading] Scanning directory C:\Users\artes\Documents\UTP-Ciclo VII\Lenguaje de Programación\Proj-Artes-Luis-Estudio\ArtesLuisStudio-Scala
[debug]       Load.loadUnit: mkEval took 4.77ms
[debug] [Loading] Found non-root projects 
[debug] [Loading] Done in C:\Users\artes\Documents\UTP-Ciclo VII\Lenguaje de Programación\Proj-Artes-Luis-Estudio\ArtesLuisStudio-Scala, returning: ()
[debug] deducing auto plugins based on known facts Set(Atom(sbt.plugins.CorePlugin)) and clauses Clauses(Clause(Atom(sbt.plugins.JvmPlugin),Set(Atom(sbt.plugins.IvyPlugin)))
[debug] Clause(Atom(sbt.ScriptedPlugin),Set(Atom(sbt.plugins.JvmPlugin)))
[debug] Clause(Atom(sbt.plugins.SbtPlugin),Set(Atom(sbt.ScriptedPlugin)))
[debug] Clause(Atom(sbt.plugins.SemanticdbPlugin),Set(Atom(sbt.plugins.JvmPlugin)))
[debug] Clause(Atom(sbt.plugins.JUnitXmlReportPlugin),Set(Atom(sbt.plugins.JvmPlugin)))
[debug] Clause(Atom(sbt.plugins.MiniDependencyTreePlugin),Set(Atom(sbt.plugins.JvmPlugin)))
[debug] Clause(Atom(sbt.plugins.CorePlugin),Set(Atom(sbt.plugins.IvyPlugin)))
[debug] Clause(Atom(sbt.plugins.IvyPlugin),Set(Atom(sbt.plugins.JvmPlugin)))
[debug] Clause(Atom(sbt.plugins.JvmPlugin),Set(Atom(sbt.plugins.SemanticdbPlugin)))
[debug] Clause(Atom(sbt.plugins.JvmPlugin),Set(Atom(sbt.plugins.JUnitXmlReportPlugin)))
[debug] Clause(Atom(sbt.plugins.CorePlugin),Set(Atom(sbt.plugins.Giter8TemplatePlugin)))
[debug] Clause(Atom(sbt.plugins.JvmPlugin),Set(Atom(sbt.plugins.MiniDependencyTreePlugin))))
[debug]   :: deduced result: Matched(sbt.plugins.CorePlugin,sbt.plugins.Giter8TemplatePlugin,sbt.plugins.IvyPlugin,sbt.plugins.JvmPlugin,sbt.plugins.MiniDependencyTreePlugin,sbt.plugins.JUnitXmlReportPlugin,sbt.plugins.SemanticdbPlugin)
[debug] Plugins.deducer#function took 1.2861 ms
[info] loading settings for project artesluisstudio-scala from build.sbt...
[debug]         Load.resolveProject(artesluisstudio-scala) took 2.3237ms
[debug]       Load.loadTransitive: finalizeProject(Project(id artesluisstudio-scala, base: C:\Users\artes\Documents\UTP-Ciclo VII\Lenguaje de Programación\Proj-Artes-Luis-Estudio\ArtesLuisStudio-Scala, plugins: List(<none>))) took 3.9856ms
[debug] [Loading] Done in C:\Users\artes\Documents\UTP-Ciclo VII\Lenguaje de Programación\Proj-Artes-Luis-Estudio\ArtesLuisStudio-Scala, returning: (artesluisstudio-scala)
[debug]     Load.loadUnit: loadedProjectsRaw took 127.5319ms
[debug]     Load.loadUnit: cleanEvalClasses took 10.6988ms
[debug]   Load.loadUnit(file:/C:/Users/artes/Documents/UTP-Ciclo%20VII/Lenguaje%20de%20Programación/Proj-Artes-Luis-Estudio/ArtesLuisStudio-Scala/, ...) took 518.4635ms
[debug] Load.apply: load took 526.3447ms
[debug] Load.apply: resolveProjects took 0.1055ms
[debug] Load.apply: finalTransforms took 10.9608ms
[debug] Load.apply: config.delegates took 0.4108ms
[debug] Load.apply: Def.make(settings)... took 55.6474ms
[debug] Load.apply: structureIndex took 23.1177ms
[debug] Load.apply: mkStreams took 0.0043ms
[info] set current project to artesluisstudio-scala (in build file:/C:/Users/artes/Documents/UTP-Ciclo%20VII/Lenguaje%20de%20Programación/Proj-Artes-Luis-Estudio/ArtesLuisStudio-Scala/)
[debug] > Exec(sbtPopOnFailure, None, None)
[debug] > Exec(resumeFromFailure, None, None)
[debug] > Exec(notifyUsersAboutShell, None, None)
[debug] > Exec(iflast shell, None, None)
[debug] > Exec(run, None, None)
[debug] Evaluating tasks: Compile / run
[debug] Running task... Cancel: Signal, check cycles: false, forcegc: true
[info] compiling 1 Scala source to C:\Users\artes\Documents\UTP-Ciclo VII\Lenguaje de Programación\Proj-Artes-Luis-Estudio\ArtesLuisStudio-Scala\target\scala-2.13\classes ...
[warn] C:\Users\artes\Documents\UTP-Ciclo VII\Lenguaje de Programación\Proj-Artes-Luis-Estudio\ArtesLuisStudio-Scala\src\main\scala\com\artesluisstudio\Main.scala:14:16: Implicit definition should have explicit type (inferred scala.concurrent.ExecutionContextExecutor) [quickfixable]
[warn]   implicit val ec = system.dispatcher
[warn]                ^
[warn] one warning found
[info] done compiling
